<?xml version="1.0" encoding="UTF-8"?>
<!-- Generated by org.testng.reporters.JUnitReportReporter -->
<testsuite hostname="LAPTOP-TEUC08AE" name="runner.RunCuke" tests="2" failures="0" timestamp="5 Jul 2021 01:25:38 GMT" time="46.792" errors="0">
  <testcase name="feature" time="23.125" classname="runner.RunCuke"/>
  <testcase name="feature" time="23.667" classname="runner.RunCuke"/>
</testsuite> <!-- runner.RunCuke -->
